2026-02-18 13:28:21,535 - WARNING - Invalid count input: '100'. Must be between 1 and 10.
2026-02-18 13:28:22,100 - WARNING - Invalid count input: '123'. Must be between 1 and 10.
2026-02-18 13:28:23,447 - WARNING - Invalid count input: 'דשג'. Must be between 1 and 10.
2026-02-18 13:28:37,699 - INFO - Successfully created configuration for 2 instances in ./Configs/reservation.json
2026-02-18 13:28:55,922 - INFO - Successfully created configuration for 10 instances in ./Configs/reservation.json
2026-02-18 13:29:20,026 - ERROR - Critical Error: The source file ./Src/os_ids.json was not found.
2026-02-18 13:31:14,680 - INFO - Successfully created configuration for 5 instances in ./Configs/reservation.json
2026-02-18 13:34:27,851 - INFO - Successfully created configuration for 4 instances in ./Configs/reservation.json
2026-02-18 13:34:59,315 - INFO - Successfully created configuration for 2 instances in ./Configs/reservation.json
2026-02-18 13:35:41,089 - WARNING - Invalid count input: '100'. Must be between 1 and 10.
2026-02-18 13:36:28,015 - ERROR - Invalid count input: '100'. Must be between 1 and 10.
2026-02-18 13:36:35,085 - ERROR - Invalid count input: '20'. Must be between 1 and 10.
2026-02-18 13:36:40,087 - ERROR - Invalid name input: Empty string provided.
2026-02-18 13:36:42,827 - ERROR - Invalid name input: Empty string provided.
2026-02-18 13:36:46,595 - ERROR - Invalid OS input: 'ubuntutrt'. Must be ubuntu or centos.
2026-02-18 13:36:49,790 - ERROR - Invalid OS input: 'ubutnu'. Must be ubuntu or centos.
2026-02-18 13:36:53,514 - ERROR - Invalid type input: '123'. Must be 1 or 2.
2026-02-18 13:36:57,112 - INFO - Successfully created configuration for 10 instances in ./Configs/reservation.json
2026-02-18 13:38:41,589 - INFO - Successfully created configuration for 10 instances in ./Configs/reservation.json
2026-02-18 13:39:22,065 - INFO - Successfully created configuration for 1 instances in ./Configs/reservation.json
